{
  "stats": {
    "suites": 1,
    "tests": 2,
    "passes": 2,
    "pending": 0,
    "failures": 0,
    "start": "2025-06-29T15:15:41.460Z",
    "end": "2025-06-29T15:15:45.054Z",
    "duration": 3594,
    "testsRegistered": 2,
    "passPercent": 100,
    "pendingPercent": 0,
    "other": 0,
    "hasOther": false,
    "skipped": 0,
    "hasSkipped": false
  },
  "results": [
    {
      "uuid": "73b99fa6-e0a4-4315-8798-8d24d397bafa",
      "title": "",
      "fullFile": "cypress\\e2e\\Login.cy.js",
      "file": "cypress\\e2e\\Login.cy.js",
      "beforeHooks": [],
      "afterHooks": [],
      "tests": [],
      "suites": [
        {
          "uuid": "74689cb1-04f6-492e-bdd9-542b0551f7b4",
          "title": "Pagina de Login",
          "fullFile": "",
          "file": "",
          "beforeHooks": [],
          "afterHooks": [],
          "tests": [
            {
              "title": "Verificar se dashboard está visível",
              "fullTitle": "Pagina de Login Verificar se dashboard está visível",
              "timedOut": null,
              "duration": 2711,
              "state": "passed",
              "speed": "fast",
              "pass": true,
              "fail": false,
              "pending": false,
              "context": null,
              "code": "",
              "err": {},
              "uuid": "557babf3-41b5-43b8-a406-236aab15dc33",
              "parentUUID": "74689cb1-04f6-492e-bdd9-542b0551f7b4",
              "isHook": false,
              "skipped": false
            },
            {
              "title": "Fazer logout",
              "fullTitle": "Pagina de Login Fazer logout",
              "timedOut": null,
              "duration": 779,
              "state": "passed",
              "speed": "fast",
              "pass": true,
              "fail": false,
              "pending": false,
              "context": null,
              "code": "cy.visit('/dashboard');\n_Login.default.botaoLogout();\ncy.contains('Cadastre-se').should('be.visible');",
              "err": {},
              "uuid": "c8939c6b-2326-4058-984e-cb4e9c926125",
              "parentUUID": "74689cb1-04f6-492e-bdd9-542b0551f7b4",
              "isHook": false,
              "skipped": false
            }
          ],
          "suites": [],
          "passes": [
            "557babf3-41b5-43b8-a406-236aab15dc33",
            "c8939c6b-2326-4058-984e-cb4e9c926125"
          ],
          "failures": [],
          "pending": [],
          "skipped": [],
          "duration": 3490,
          "root": false,
          "rootEmpty": false,
          "_timeout": 2000
        }
      ],
      "passes": [],
      "failures": [],
      "pending": [],
      "skipped": [],
      "duration": 0,
      "root": true,
      "rootEmpty": true,
      "_timeout": 2000
    }
  ],
  "meta": {
    "mocha": {
      "version": "7.2.0"
    },
    "mochawesome": {
      "options": {
        "quiet": false,
        "reportFilename": "mochawesome",
        "saveHtml": true,
        "saveJson": true,
        "consoleReporter": "spec",
        "useInlineDiffs": false,
        "code": true
      },
      "version": "7.1.3"
    },
    "marge": {
      "options": {
        "reportDir": "cypress/results",
        "overwrite": false,
        "html": true,
        "json": true,
        "timestamp": "mmddyyyy_HHMMss"
      },
      "version": "6.2.0"
    }
  }
}