{
  "stats": {
    "suites": 1,
    "tests": 1,
    "passes": 1,
    "pending": 0,
    "failures": 0,
    "start": "2025-06-29T15:15:27.213Z",
    "end": "2025-06-29T15:15:37.971Z",
    "duration": 10758,
    "testsRegistered": 1,
    "passPercent": 100,
    "pendingPercent": 0,
    "other": 0,
    "hasOther": false,
    "skipped": 0,
    "hasSkipped": false
  },
  "results": [
    {
      "uuid": "110b06ec-49c1-4989-ab8b-903c316f1bdc",
      "title": "",
      "fullFile": "cypress\\e2e\\Dashboard.cy.js",
      "file": "cypress\\e2e\\Dashboard.cy.js",
      "beforeHooks": [],
      "afterHooks": [],
      "tests": [],
      "suites": [
        {
          "uuid": "96454b66-e575-47d8-8a1b-745d953ef316",
          "title": "Fazendo login e Cadastrando na página de dashboard",
          "fullFile": "",
          "file": "",
          "beforeHooks": [],
          "afterHooks": [],
          "tests": [
            {
              "title": "deve cadastrar um novo especialista com sucesso",
              "fullTitle": "Fazendo login e Cadastrando na página de dashboard deve cadastrar um novo especialista com sucesso",
              "timedOut": null,
              "duration": 10698,
              "state": "passed",
              "speed": "slow",
              "pass": true,
              "fail": false,
              "pending": false,
              "context": null,
              "code": "const dadosDoEspecialista = {\n  nome: _faker.faker.person.fullName(),\n  email: _faker.faker.internet.email(),\n  senha: _faker.faker.internet.password({\n    length: 10\n  }),\n  especialidade: 'Clínica Geral',\n  crm: _faker.faker.string.numeric(6),\n  telefone: _faker.faker.phone.number('##-#####-####'),\n  imagemUrl: _faker.faker.image.avatar(),\n  endereco: {\n    cep: _faker.faker.location.zipCode('#####-###'),\n    rua: _faker.faker.location.streetAddress(),\n    bairro: _faker.faker.location.county(),\n    numero: _faker.faker.location.buildingNumber(),\n    complemento: 'Bloco A, Apt 10',\n    estado: 'SP'\n  }\n};\ncy.cadastroEspecialista(dadosDoEspecialista);\n_index.default.ativarCheckBox();\n_index.default.checkbox(2);",
              "err": {},
              "uuid": "7926bdc4-5922-4f46-a185-83301b8ae742",
              "parentUUID": "96454b66-e575-47d8-8a1b-745d953ef316",
              "isHook": false,
              "skipped": false
            }
          ],
          "suites": [],
          "passes": [
            "7926bdc4-5922-4f46-a185-83301b8ae742"
          ],
          "failures": [],
          "pending": [],
          "skipped": [],
          "duration": 10698,
          "root": false,
          "rootEmpty": false,
          "_timeout": 2000
        }
      ],
      "passes": [],
      "failures": [],
      "pending": [],
      "skipped": [],
      "duration": 0,
      "root": true,
      "rootEmpty": true,
      "_timeout": 2000
    }
  ],
  "meta": {
    "mocha": {
      "version": "7.2.0"
    },
    "mochawesome": {
      "options": {
        "quiet": false,
        "reportFilename": "mochawesome",
        "saveHtml": true,
        "saveJson": true,
        "consoleReporter": "spec",
        "useInlineDiffs": false,
        "code": true
      },
      "version": "7.1.3"
    },
    "marge": {
      "options": {
        "reportDir": "cypress/results",
        "overwrite": false,
        "html": true,
        "json": true,
        "timestamp": "mmddyyyy_HHMMss"
      },
      "version": "6.2.0"
    }
  }
}